<?xml version="1.0" encoding="UTF-8" ?>
<testsuite failures="0" time="28.65" errors="0" skipped="1" tests="212" name="org.openmrs.api.ConceptServiceTest">
  <properties>
[...]
</properties>
  <testcase time="0.25" classname="org.openmrs.api.ConceptServiceTest" name="getConceptByName_shouldGetConceptByName"/>
  <testcase time="0.096" classname="org.openmrs.api.ConceptServiceTest" name="getConceptMapTypes_shouldNotIncludeHiddenConceptMapTypesIfIncludeHiddenIsSetToFalse"/>
  <testcase time="0.092" classname="org.openmrs.api.ConceptServiceTest" name="getDrugByUuid_shouldFindObjectGivenValidUuid"/>
  <testcase time="0.25" classname="org.openmrs.api.ConceptServiceTest" name="saveConcept_shouldSaveANewConceptNumeric"/>
  <testcase time="0.193" classname="org.openmrs.api.ConceptServiceTest" name="getConceptByName_shouldFindConceptsWithNamesInMoreSpecificLocales"/>
  <testcase time="0.423" classname="org.openmrs.api.ConceptServiceTest" name="getConcepts_shouldReturnASearchResultWhoseConceptNameContainsAllWordTokensAsFirst"/>
  <testcase time="0.087" classname="org.openmrs.api.ConceptServiceTest" name="getDefaultConceptMapType_shouldReturnTypeAsSetInGp"/>
  <testcase time="0.078" classname="org.openmrs.api.ConceptServiceTest" name="getConceptReferenceTermByName_shouldBeCaseInsensitive"/>
  <testcase time="0.082" classname="org.openmrs.api.ConceptServiceTest" name="getConceptNameTagByUuid_shouldReturnNullIfNoObjectFoundWithGivenUuid"/>
  <testcase time="0.238" classname="org.openmrs.api.ConceptServiceTest" name="saveConcept_shouldSaveAConceptNumericAsAConcept"/>
  <testcase time="0.18" classname="org.openmrs.api.ConceptServiceTest" name="saveConcept_shouldSetAuditInfoIfAnItemIsRemovedFromAnyOfItsChildCollections"/>
  <testcase time="0.168" classname="org.openmrs.api.ConceptServiceTest" name="getConcepts_shouldReturnConceptSearchResultsThatContainAllSearchWordsAsFirst"/>
  <testcase time="0.075" classname="org.openmrs.api.ConceptServiceTest" name="getAllConcepts_shouldOrderByConceptIdDescendingWhenSetAscParameterToFalse"/>
  <testcase time="0.075" classname="org.openmrs.api.ConceptServiceTest" name="getConceptMapTypeByName_shouldReturnAConceptMapTypeMatchingTheSpecifiedName"/>
  <testcase time="0.08" classname="org.openmrs.api.ConceptServiceTest" name="saveConceptStopWord_shouldSaveConceptStopWordAssignDefaultLocaleIsItNull"/>
  <testcase time="0.092" classname="org.openmrs.api.ConceptServiceTest" name="conceptIterator_shouldIterateOverAllConcepts"/>
  <testcase time="0.08" classname="org.openmrs.api.ConceptServiceTest" name="getDefaultConceptMapType_shouldReturnSameAsByDefault"/>
  <testcase time="0.085" classname="org.openmrs.api.ConceptServiceTest" name="saveConceptSource_shouldNotSetDateCreatedIfOneIsSuppliedAlready"/>
  <testcase time="0.076" classname="org.openmrs.api.ConceptServiceTest" name="getConceptByName_shouldReturnNullGivenBlankString"/>
  <testcase time="0.101" classname="org.openmrs.api.ConceptServiceTest" name="getCountOfConceptReferenceTerms_shouldIncludeRetiredTermsIfIncludeRetiredIsSetToTrue"/>
  <testcase time="0.113" classname="org.openmrs.api.ConceptServiceTest" name="getConceptsByMapping_shouldReturnEmptyListIfNoMappingsExist"/>
  <testcase time="0.079" classname="org.openmrs.api.ConceptServiceTest" name="getConceptSetByUuid_shouldReturnNullIfNoObjectFoundWithGivenUuid"/>
  <testcase time="0.083" classname="org.openmrs.api.ConceptServiceTest" name="getConcepts_shouldNotReturnConceptsWithMatchingNamesThatAreVoided"/>
  <testcase time="0.189" classname="org.openmrs.api.ConceptServiceTest" name="getDrugByMapping_shouldReturnADrugThatMatchesTheCodeAndSource"/>
  <testcase time="0.081" classname="org.openmrs.api.ConceptServiceTest" name="getDrugs_shouldRejectANullSearchPhrase"/>
  <testcase time="0.08" classname="org.openmrs.api.ConceptServiceTest" name="mapConceptProposalToConcept_shouldAllowRejectingProposals"/>
  <testcase time="0.108" classname="org.openmrs.api.ConceptServiceTest" name="getFalseConcept_shouldReturnTheFalseConcept"/>
  <testcase time="0.126" classname="org.openmrs.api.ConceptServiceTest" name="getConcepts_shouldNotFailWithNullClassesAndDatatypes"/>
  <testcase time="0.242" classname="org.openmrs.api.ConceptServiceTest" name="getConcepts_shouldReturnConceptSearchResultsThatMatchUniqueConcepts"/>
  <testcase time="0.131" classname="org.openmrs.api.ConceptServiceTest" name="getConceptByMapping_shouldReturnNullIfNoMappingExists"/>
  <testcase time="0.153" classname="org.openmrs.api.ConceptServiceTest" name="getDrugByMapping_shouldReturnADrugThatMatchesTheCodeAndSourceAndTheBestMapType"/>
  <testcase time="0.079" classname="org.openmrs.api.ConceptServiceTest" name="getAllConceptStopWords_shouldReturnEmptyListIfNoRecordFound"/>
  <testcase time="0.252" classname="org.openmrs.api.ConceptServiceTest" name="getDrugs_shouldGetDrugsLinkedToConceptsWithNamesThatMatchThePhraseAndRelatedLocales"/>
  <testcase time="0.066" classname="org.openmrs.api.ConceptServiceTest" name="getConceptByMapping_shouldReturnRetiredConceptIfOnlyMatch"/>
  <testcase time="0.079" classname="org.openmrs.api.ConceptServiceTest" name="saveConceptReferenceTerm_shouldUpdateChangesToTheConceptReferenceTermInTheDatabase"/>
  <testcase time="0.08" classname="org.openmrs.api.ConceptServiceTest" name="saveConcept_shouldEnsureThatEveryConcepNameLocaleHasExactlyOnePreferredName"/>
  <testcase time="0.133" classname="org.openmrs.api.ConceptServiceTest" name="getConceptSourceByName_shouldReturnNullIfNoConceptSourceWithThatNameIsFound"/>
  <testcase time="0.087" classname="org.openmrs.api.ConceptServiceTest" name="getDrugs_shouldIncludeRetiredDrugsIfIncludeRetiredIsSetToTrue"/>
  <testcase time="0.067" classname="org.openmrs.api.ConceptServiceTest" name="getConceptReferenceTerms_shouldReturnOnlyUnRetiredConceptReferenceTermsIfIncludeRetiredIsSetToFalse"/>
  <testcase time="0.145" classname="org.openmrs.api.ConceptServiceTest" name="getDrugsByMapping_shouldReturnRetiredAndNonretiredDrugsIfIncludeRetiredIsSetToTrue"/>
  <testcase time="0.085" classname="org.openmrs.api.ConceptServiceTest" name="mapConceptProposalToConcept_shouldNotSetValueCodedNameWhenAddConceptIsSelected"/>
  <testcase time="0.39" classname="org.openmrs.api.ConceptServiceTest" name="saveConcept_shouldNotFailWhenADuplicateNameIsEditedToAUniqueValue"/>
  <testcase time="0.169" classname="org.openmrs.api.ConceptServiceTest" name="saveConcept_shouldCreateAReferenceTermForAConceptMappingOnTheFlyWhenCreatingAConcept"/>
  <testcase time="0.099" classname="org.openmrs.api.ConceptServiceTest" name="retireConceptReferenceTerm_shouldRetireTheSpecifiedConceptReferenceTermWithTheGivenRetireReason"/>
  <testcase time="0.089" classname="org.openmrs.api.ConceptServiceTest" name="getAllConcepts_shouldOrderByAConceptField"/>
  <testcase time="0.188" classname="org.openmrs.api.ConceptServiceTest" name="getDrugs_shouldGetDrugsLinkedToConceptsWithNamesThatMatchThePhraseAndLocale"/>
  <testcase time="0.065" classname="org.openmrs.api.ConceptServiceTest" name="getConceptsByMapping_shouldGetConceptsWithGivenCodeAndSourceName"/>
  <testcase time="0.159" classname="org.openmrs.api.ConceptServiceTest" name="getDrugsByMapping_shouldMatchOnTheMapTypes"/>
  <testcase time="0.071" classname="org.openmrs.api.ConceptServiceTest" name="unretireConceptMapType_shouldUnretireTheSpecifiedConceptMapTypeAndDropAllRetireRelatedFields"/>
  <testcase time="0.194" classname="org.openmrs.api.ConceptServiceTest" name="getConcepts_shouldIncludeRetiredConceptsInTheSearchResults"/>
  <testcase time="0.08" classname="org.openmrs.api.ConceptServiceTest" name="getConceptStopWords_shouldReturnDefaultLocaleConceptStopWordsIfLocaleIsNull"/>
  <testcase time="0.174" classname="org.openmrs.api.ConceptServiceTest" name="getCountOfConcepts_shouldReturnACountOfUniqueConcepts"/>
  <testcase time="0.115" classname="org.openmrs.api.ConceptServiceTest" name="saveConceptSource_shouldNotSetCreatorIfOneIsSuppliedAlready"/>
  <testcase time="0.083" classname="org.openmrs.api.ConceptServiceTest" name="getDrugByMapping_shouldFailIfSourceIsNull"/>
  <testcase time="0.066" classname="org.openmrs.api.ConceptServiceTest" name="getConceptByMapping_shouldReturnNullIfSourceCodeDoesNotExist"/>
  <testcase time="0.143" classname="org.openmrs.api.ConceptServiceTest" name="getDrugsByMapping_shouldExcludeDuplicateMatches"/>
  <testcase time="0.277" classname="org.openmrs.api.ConceptServiceTest" name="getConceptsByConceptSet_shouldReturnAllConceptsInSet"/>
  <testcase time="0.071" classname="org.openmrs.api.ConceptServiceTest" name="getConceptByMapping_shouldGetConceptWithGivenCodeAndSourceHl7Code"/>
  <testcase time="0.097" classname="org.openmrs.api.ConceptServiceTest" name="getConceptsByMapping_shouldReturnRetiredAndNonRetiredConceptsByDefault"/>
  <testcase time="0.089" classname="org.openmrs.api.ConceptServiceTest" name="getConceptByMapping_shouldNotReturnRetiredConcept"/>
  <testcase time="0.224" classname="org.openmrs.api.ConceptServiceTest" name="saveConcept_shouldUpdateConceptAlreadyExistingInDatabase"/>
  <testcase time="0.296" classname="org.openmrs.api.ConceptServiceTest" name="purgeConceptNameTag_shouldDeleteTheSpecifiedConceptNameTagFromTheDatabase"/>
  <testcase time="0.07" classname="org.openmrs.api.ConceptServiceTest" name="getConceptAnswerByUuid_shouldFindObjectGivenValidUuid"/>
  <testcase time="0.082" classname="org.openmrs.api.ConceptServiceTest" name="getConceptDatatypeByUuid_shouldReturnNullIfNoObjectFoundWithGivenUuid"/>
  <testcase time="3.338" classname="org.openmrs.api.ConceptServiceTest" name="getConcepts_shouldReturnPreferredNamesHigher"/>
  <testcase time="0.099" classname="org.openmrs.api.ConceptServiceTest" name="getConceptStopWords_shouldReturnListOfConceptStopWordsForGivenLocale"/>
  <testcase time="0.172" classname="org.openmrs.api.ConceptServiceTest" name="getDrugsByMapping_shouldMatchOnTheConceptSource"/>
  <testcase time="0.069" classname="org.openmrs.api.ConceptServiceTest" name="getCountOfConceptReferenceTerms_shouldNotIncludeRetiredTermsIfIncludeRetiredIsSetToFalse"/>
  <testcase time="0.136" classname="org.openmrs.api.ConceptServiceTest" name="getConceptSourceByUuid_shouldFindObjectGivenValidUuid"/>
  <testcase time="0.072" classname="org.openmrs.api.ConceptServiceTest" name="saveConceptReferenceTerm_shouldAddAConceptReferenceTermToTheDatabaseAndAssignAnIdToIt"/>
  <testcase time="0.085" classname="org.openmrs.api.ConceptServiceTest" name="getConcepts_shouldFindConceptByFullCode"/>
  <testcase time="0.067" classname="org.openmrs.api.ConceptServiceTest" name="getConceptAnswerByUuid_shouldReturnNullIfNoObjectFoundWithGivenUuid"/>
  <testcase time="0.104" classname="org.openmrs.api.ConceptServiceTest" name="getConceptProposalByUuid_shouldReturnNullIfNoObjectFoundWithGivenUuid"/>
  <testcase time="0.105" classname="org.openmrs.api.ConceptServiceTest" name="saveConcept_shouldNotSetAuditInfoIfTheConceptIsNotEdited">
    <skipped/>
  </testcase>
  <testcase time="0.153" classname="org.openmrs.api.ConceptServiceTest" name="getDrugs_shouldReturnAllDrugsWithAMatchingTermCodeOrDrugNameOrConceptName"/>
  <testcase time="0.063" classname="org.openmrs.api.ConceptServiceTest" name="saveConceptNameTag_shouldSaveATagIfItIsSupplied"/>
  <testcase time="0.172" classname="org.openmrs.api.ConceptServiceTest" name="getConceptByName_shouldGetConceptByPartialName"/>
  <testcase time="0.063" classname="org.openmrs.api.ConceptServiceTest" name="getConceptReferenceTerms_shouldReturnOnlyTheConceptReferenceTermsFromTheGivenConceptSource"/>
  <testcase time="0.076" classname="org.openmrs.api.ConceptServiceTest" name="saveConcept_shouldAlwaysReturnAPreferredNameForEveryLocaleThatHasAtleastOneUnvoidedName"/>
  <testcase time="0.09" classname="org.openmrs.api.ConceptServiceTest" name="getDrugs_shouldGetDrugsLinkedToConceptsWithNamesThatMatchThePhrase"/>
  <testcase time="0.095" classname="org.openmrs.api.ConceptServiceTest" name="saveConceptStopWord_shouldSaveConceptStopWordIntoDatabase"/>
  <testcase time="0.125" classname="org.openmrs.api.ConceptServiceTest" name="getDrugs_shouldGetDrugsWithNamesMatchingTheSearchPhrase"/>
  <testcase time="0.096" classname="org.openmrs.api.ConceptServiceTest" name="getConceptNameByUuid_shouldReturnNullIfNoObjectFoundWithGivenUuid"/>
  <testcase time="0.076" classname="org.openmrs.api.ConceptServiceTest" name="getConceptSourceByUuid_shouldReturnNullIfNoObjectFoundWithGivenUuid"/>
  <testcase time="0.073" classname="org.openmrs.api.ConceptServiceTest" name="getDrugsByIngredient_shouldReturnDrugsMatchedByDrugConcept"/>
  <testcase time="0.071" classname="org.openmrs.api.ConceptServiceTest" name="getConceptByUuid_shouldReturnNullIfNoObjectFoundWithGivenUuid"/>
  <testcase time="0.072" classname="org.openmrs.api.ConceptServiceTest" name="getConceptMapTypeByUuid_shouldReturnAConceptMapTypeMatchingTheSpecifiedUuid"/>
  <testcase time="0.067" classname="org.openmrs.api.ConceptServiceTest" name="getConcept_shouldReturnNullGivenNullParameter"/>
  <testcase time="0.077" classname="org.openmrs.api.ConceptServiceTest" name="saveConceptSource_shouldSaveAConceptSourceWithANullHl7Code"/>
  <testcase time="0.072" classname="org.openmrs.api.ConceptServiceTest" name="getConceptMapTypeByName_shouldBeCaseInsensitive"/>
  <testcase time="0.096" classname="org.openmrs.api.ConceptServiceTest" name="getDrugs_shouldNotFailIfThereisNoDrugByGivenDrugId"/>
  <testcase time="0.072" classname="org.openmrs.api.ConceptServiceTest" name="getDrugsByIngredient_shouldReturnDrugsMatchedByIntermediateConcept"/>
  <testcase time="0.076" classname="org.openmrs.api.ConceptServiceTest" name="getDrugs_shouldReturnDrugsThatAreNotRetired"/>
  <testcase time="0.066" classname="org.openmrs.api.ConceptServiceTest" name="getDrugByMapping_shouldFailIfNoCodeAndConceptSourceAndWithAnyOfTheseTypesAreProvided"/>
  <testcase time="0.759" classname="org.openmrs.api.ConceptServiceTest" name="getConceptDatatypeByName_shouldNotReturnAFuzzyMatchOnName"/>
  <testcase time="0.085" classname="org.openmrs.api.ConceptServiceTest" name="conceptIterator_shouldStartWithTheSmallestConceptId"/>
  <testcase time="0.068" classname="org.openmrs.api.ConceptServiceTest" name="getConceptMapTypes_shouldReturnOnlyUnRetiredConceptMapTypesIfIncludeRetiredIsSetToFalse"/>
  <testcase time="0.184" classname="org.openmrs.api.ConceptServiceTest" name="getConcepts_shouldReturnASearchResultForPhraseWithStopWords"/>
  <testcase time="0.078" classname="org.openmrs.api.ConceptServiceTest" name="changeConceptFromBooleanToCoded_shouldFailIfTheDatatypeOfTheConceptIsNotBoolean"/>
  <testcase time="0.085" classname="org.openmrs.api.ConceptServiceTest" name="getConceptsByClass_shouldNotFailDueToNoNameInSearch"/>
  <testcase time="0.105" classname="org.openmrs.api.ConceptServiceTest" name="saveConcept_shouldSetAuditInfoIfAnItemIsAddedToAnyOfItsChildCollections"/>
  <testcase time="0.15" classname="org.openmrs.api.ConceptServiceTest" name="saveConcept_shouldSetAPreferredNameForEachLocaleIfNoneIsMarked"/>
  <testcase time="0.079" classname="org.openmrs.api.ConceptServiceTest" name="saveConceptMapType_shouldAddTheSpecifiedConceptMapTypeToTheDatabaseAndAssignToItAnId"/>
  <testcase time="0.068" classname="org.openmrs.api.ConceptServiceTest" name="getConceptNumericByUuid_shouldFindObjectGivenValidUuid"/>
  <testcase time="0.07" classname="org.openmrs.api.ConceptServiceTest" name="getConceptReferenceTerms_shouldReturnUniqueTermsWithACodeOrNameContainingTheSearchPhrase"/>
  <testcase time="0.187" classname="org.openmrs.api.ConceptServiceTest" name="changeConceptFromBooleanToCoded_shouldExplicitlyAddTrueConceptAsAValue_CodedAnswer"/>
  <testcase time="0.145" classname="org.openmrs.api.ConceptServiceTest" name="mapConceptProposalToConcept_shouldFailWhenAddingADuplicateSyonymn"/>
  <testcase time="0.104" classname="org.openmrs.api.ConceptServiceTest" name="saveConcept_shouldGenerateIdForNewConceptIfNoneIsSpecified"/>
  <testcase time="0.081" classname="org.openmrs.api.ConceptServiceTest" name="purgeConceptMapType_shouldDeleteTheSpecifiedConceptMapTypeFromTheDatabase"/>
  <testcase time="0.152" classname="org.openmrs.api.ConceptServiceTest" name="changeConceptFromBooleanToCoded_shouldConvertTheDatatypeOfABooleanConceptToCoded"/>
  <testcase time="0.077" classname="org.openmrs.api.ConceptServiceTest" name="getAllConcepts_shouldOrderByConceptIdAndIncludeRetiredWhenGivenNoParameters"/>
  <testcase time="0.074" classname="org.openmrs.api.ConceptServiceTest" name="getTrue_shouldReturnTheTrueConcept"/>
  <testcase time="0.112" classname="org.openmrs.api.ConceptServiceTest" name="saveConcept_shouldAddNewConceptName"/>
  <testcase time="0.083" classname="org.openmrs.api.ConceptServiceTest" name="getAllConcepts_shouldExcludeRetiredConceptsWhenSetIncludeRetiredToFalse"/>
  <testcase time="0.07" classname="org.openmrs.api.ConceptServiceTest" name="getConceptByUuid_shouldFindObjectGivenValidUuid"/>
  <testcase time="0.154" classname="org.openmrs.api.ConceptServiceTest" name="saveConcept_shouldCreateAReferenceTermForAConceptMappingOnTheFlyWhenEditingAConcept"/>
  <testcase time="0.148" classname="org.openmrs.api.ConceptServiceTest" name="saveConcept_shouldVoidTheConceptNameIfTheTextOfTheNameHasChanged"/>
  <testcase time="0.074" classname="org.openmrs.api.ConceptServiceTest" name="deleteConceptStopWord_shouldDeleteTheGivenConceptStopWord"/>
  <testcase time="0.074" classname="org.openmrs.api.ConceptServiceTest" name="retireConceptMapType_shouldShouldSetTheDefaultRetireReasonIfNoneIsGiven"/>
  <testcase time="0.082" classname="org.openmrs.api.ConceptServiceTest" name="getTrueConcept_shouldReturnTheTrueConcept"/>
  <testcase time="0.07" classname="org.openmrs.api.ConceptServiceTest" name="getDrugByUuid_shouldReturnNullIfNoObjectFoundWithGivenUuid"/>
  <testcase time="0.085" classname="org.openmrs.api.ConceptServiceTest" name="shouldFetchDescriptionsForConceptsThatWereFirstFetchedAsNumerics"/>
  <testcase time="0.101" classname="org.openmrs.api.ConceptServiceTest" name="saveConcept_shouldCreateANewConceptNameWhenTheOldNameIsChanged"/>
  <testcase time="0.104" classname="org.openmrs.api.ConceptServiceTest" name="saveConcept_shouldKeepIdForNewConceptIfOneIsSpecified"/>
  <testcase time="0.325" classname="org.openmrs.api.ConceptServiceTest" name="getConceptsByName_shouldReturnConceptsForSpecificCountryAndGlobalLanguageGivenLanguageAndCountryLocale"/>
  <testcase time="1.522" classname="org.openmrs.api.ConceptServiceTest" name="retireConceptSource_shouldRetireConceptSource"/>
  <testcase time="0.084" classname="org.openmrs.api.ConceptServiceTest" name="getFalse_shouldReturnTheFalseConcept"/>
  <testcase time="0.079" classname="org.openmrs.api.ConceptServiceTest" name="retireConceptReferenceTerm_shouldShouldSetTheDefaultRetireReasonIfNoneIsGiven"/>
  <testcase time="0.072" classname="org.openmrs.api.ConceptServiceTest" name="getConceptReferenceTermByCode_shouldReturnAConceptReferenceTermThatMatchesTheGivenCodeFromTheGivenSource"/>
  <testcase time="0.075" classname="org.openmrs.api.ConceptServiceTest" name="getConceptsByConceptSource_shouldReturnEmptyListOfConceptMapsIfNoneFound"/>
  <testcase time="0.069" classname="org.openmrs.api.ConceptServiceTest" name="getConceptSourceByName_shouldGetConceptSourceWithTheGivenName"/>
  <testcase time="0.125" classname="org.openmrs.api.ConceptServiceTest" name="changeConceptFromBooleanToCoded_shouldExplicitlyAddFalseConceptAsAValue_CodedAnswer"/>
  <testcase time="0.072" classname="org.openmrs.api.ConceptServiceTest" name="getConceptDatatypeByUuid_shouldFindObjectGivenValidUuid"/>
  <testcase time="0.066" classname="org.openmrs.api.ConceptServiceTest" name="getConceptNameTagByUuid_shouldFindObjectGivenValidUuid"/>
  <testcase time="0.148" classname="org.openmrs.api.ConceptServiceTest" name="getDrugs_shouldGetDrugsThatHaveMappingsWithReferenceTermCodesThatMatchThePhrase"/>
  <testcase time="0.06" classname="org.openmrs.api.ConceptServiceTest" name="saveConceptStopWord_shouldSaveConceptStopWordInUppercase"/>
  <testcase time="0.184" classname="org.openmrs.api.ConceptServiceTest" name="saveConcept_shouldPassWhenSavingAConceptAfterRemovingAName"/>
  <testcase time="0.149" classname="org.openmrs.api.ConceptServiceTest" name="getConceptComplex_shouldReturnAConceptComplexObject"/>
  <testcase time="0.064" classname="org.openmrs.api.ConceptServiceTest" name="getDrugsByMapping_shouldFailIfNoCodeAndConceptSourceAndWithAnyOfTheseTypesAreProvided"/>
  <testcase time="0.109" classname="org.openmrs.api.ConceptServiceTest" name="getCountOfConcepts_shouldNotFailWithNullClassesAndDatatypes"/>
  <testcase time="0.069" classname="org.openmrs.api.ConceptServiceTest" name="saveConceptNameTag_shouldNotSaveATagIfItIsInvalid"/>
  <testcase time="0.072" classname="org.openmrs.api.ConceptServiceTest" name="getConceptsByMapping_shouldReturnEmptyListIfSourceCodeDoesNotExist"/>
  <testcase time="0.169" classname="org.openmrs.api.ConceptServiceTest" name="saveConceptMapType_shouldUpdateAnExistingConceptMapType"/>
  <testcase time="0.102" classname="org.openmrs.api.ConceptServiceTest" name="getConceptByMapping_shouldThrowExceptionIfTwoConceptsHaveSameMapping"/>
  <testcase time="0.153" classname="org.openmrs.api.ConceptServiceTest" name="getDrugsByMapping_shouldReturnEmptyListIfNoMatchesAreFound"/>
  <testcase time="0.073" classname="org.openmrs.api.ConceptServiceTest" name="saveConceptNameTag_shouldSaveAConceptNameTagIfATagDoesNotExist"/>
  <testcase time="0.163" classname="org.openmrs.api.ConceptServiceTest" name="getConceptByName_shouldFindConceptsWithNamesInSameSpecificLocale"/>
  <testcase time="0.091" classname="org.openmrs.api.ConceptServiceTest" name="saveConceptStopWord_shouldSaveReturnConceptStopWordWithId"/>
  <testcase time="0.082" classname="org.openmrs.api.ConceptServiceTest" name="getConceptDescriptionByUuid_shouldReturnNullIfNoObjectFoundWithGivenUuid"/>
  <testcase time="0.077" classname="org.openmrs.api.ConceptServiceTest" name="getDrugs_shouldNotReturnDrugsThatAreRetired"/>
  <testcase time="0.073" classname="org.openmrs.api.ConceptServiceTest" name="getConceptsByConceptSource_shouldReturnAListOfConceptMapsIfConceptMappingsFound"/>
  <testcase time="0.209" classname="org.openmrs.api.ConceptServiceTest" name="getConcepts_shouldExcludeSpecifiedClassesFromTheSearchResults"/>
  <testcase time="0.089" classname="org.openmrs.api.ConceptServiceTest" name="mapConceptProposalToConcept_shouldSetValueCodedNameWhenAddSynonymIsSelected"/>
  <testcase time="0.097" classname="org.openmrs.api.ConceptServiceTest" name="unretireConceptReferenceTerm_shouldUnretireTheSpecifiedConceptReferenceTermAndDropAllRetireRelatedFields"/>
  <testcase time="0.071" classname="org.openmrs.api.ConceptServiceTest" name="getConceptReferenceTermByUuid_shouldReturnTheConceptReferenceTermThatMatchesTheGivenUuid"/>
  <testcase time="0.081" classname="org.openmrs.api.ConceptServiceTest" name="saveConceptNameTag_shouldSaveAnEditedNameTag"/>
  <testcase time="0.074" classname="org.openmrs.api.ConceptServiceTest" name="getConceptDescriptionByUuid_shouldFindObjectGivenValidUuid"/>
  <testcase time="0.224" classname="org.openmrs.api.ConceptServiceTest" name="saveConcept_shouldSaveNonConceptNumericObjectAsConceptNumeric"/>
  <testcase time="0.147" classname="org.openmrs.api.ConceptServiceTest" name="getDrugsByMapping_shouldGetAListOfAllDrugsThatMatchOnAllTheParameterValues"/>
  <testcase time="0.067" classname="org.openmrs.api.ConceptServiceTest" name="getDrugsByMapping_shouldFailIfSourceIsNull"/>
  <testcase time="0.097" classname="org.openmrs.api.ConceptServiceTest" name="saveConcept_shouldSetAuditInfoIfAnyItemInTheChildCollectionsIsEdited"/>
  <testcase time="0.071" classname="org.openmrs.api.ConceptServiceTest" name="getConceptsByMapping_shouldSortNonRetiredConceptsFirst"/>
  <testcase time="0.066" classname="org.openmrs.api.ConceptServiceTest" name="getConceptNumericByUuid_shouldReturnNullIfNoObjectFoundWithGivenUuid"/>
  <testcase time="0.067" classname="org.openmrs.api.ConceptServiceTest" name="getConceptsByMapping_shouldGetConceptsWithGivenCodeAndSourceH17Code"/>
  <testcase time="0.064" classname="org.openmrs.api.ConceptServiceTest" name="retireConceptMapType_shouldRetireTheSpecifiedConceptMapTypeWithTheGivenRetireReason"/>
  <testcase time="0.066" classname="org.openmrs.api.ConceptServiceTest" name="getConceptsByMapping_shouldReturnRetiredAndNonRetiredConcepts"/>
  <testcase time="0.067" classname="org.openmrs.api.ConceptServiceTest" name="getConceptByMapping_shouldGetConceptWithGivenCodeAndSourceName"/>
  <testcase time="0.164" classname="org.openmrs.api.ConceptServiceTest" name="saveConcept_shouldCreateNewConceptInDatabase"/>
  <testcase time="0.071" classname="org.openmrs.api.ConceptServiceTest" name="saveConceptStopWord_shouldFailIfADuplicateConceptStopWordInALocaleIsAdded"/>
  <testcase time="0.169" classname="org.openmrs.api.ConceptServiceTest" name="getOrderableConcepts_shouldGetOrderableConcepts"/>
  <testcase time="0.079" classname="org.openmrs.api.ConceptServiceTest" name="getConceptReferenceTermByName_shouldReturnAConceptReferenceTermThatMatchesTheGivenNameFromTheGivenSource"/>
  <testcase time="0.092" classname="org.openmrs.api.ConceptServiceTest" name="saveConceptNameTag_shouldNotSaveAConceptNameTagIfTagExists"/>
  <testcase time="0.082" classname="org.openmrs.api.ConceptServiceTest" name="getDrugs_shouldReturnDrugsByDrugConceptId"/>
  <testcase time="0.074" classname="org.openmrs.api.ConceptServiceTest" name="getConceptByMapping_shouldReturnRetiredConceptByDefaultIfOnlyMatch"/>
  <testcase time="0.106" classname="org.openmrs.api.ConceptServiceTest" name="getDrugs_shouldReturnDrugsByDrugId"/>
  <testcase time="0.098" classname="org.openmrs.api.ConceptServiceTest" name="getAllConcepts_shouldOrderByAConceptNameField"/>
  <testcase time="0.078" classname="org.openmrs.api.ConceptServiceTest" name="getConceptClassByUuid_shouldFindObjectGivenValidUuid"/>
  <testcase time="0.076" classname="org.openmrs.api.ConceptServiceTest" name="saveConceptSource_shouldNotSaveAConceptSourceIfVoidedIsNull"/>
  <testcase time="0.078" classname="org.openmrs.api.ConceptServiceTest" name="getDrugsByIngredient_shouldReturnEmptyListIfNothingFound"/>
  <testcase time="0.078" classname="org.openmrs.api.ConceptServiceTest" name="getConceptMapTypes_shouldReturnSortedList"/>
  <testcase time="0.08" classname="org.openmrs.api.ConceptServiceTest" name="getConceptProposalByUuid_shouldFindObjectGivenValidUuid"/>
  <testcase time="0.077" classname="org.openmrs.api.ConceptServiceTest" name="getConceptStopWords_shouldReturnEmptyListIfNoConceptStopWordsForGivenLocale"/>
  <testcase time="0.076" classname="org.openmrs.api.ConceptServiceTest" name="getAllConceptStopWords_shouldReturnAllConceptStopWords"/>
  <testcase time="0.079" classname="org.openmrs.api.ConceptServiceTest" name="getAllConceptReferenceTerms_shouldReturnAllConceptReferenceTermsInTheDatabase"/>
  <testcase time="0.077" classname="org.openmrs.api.ConceptServiceTest" name="getConceptByName_shouldReturnNullGivenNullParameter"/>
  <testcase time="0.374" classname="org.openmrs.api.ConceptServiceTest" name="getConceptsByName_shouldReturnConceptsForAllCountriesAndGlobalLanguageGivenLanguageOnlyLocale"/>
  <testcase time="0.174" classname="org.openmrs.api.ConceptServiceTest" name="getConceptByName_shouldFindConceptsWithNamesInMoreGenericLocales"/>
  <testcase time="0.067" classname="org.openmrs.api.ConceptServiceTest" name="purgeConcept_shouldFailIfAnyOfTheConceptNamesOfTheConceptIsBeingUsedByAnObs"/>
  <testcase time="0.148" classname="org.openmrs.api.ConceptServiceTest" name="saveConcept_shouldNotUpdateConceptDataTypeIfConceptIsAttachedToAnObservation"/>
  <testcase time="0.112" classname="org.openmrs.api.ConceptServiceTest" name="getConceptMapTypes_shouldReturnAllTheConceptMapTypesIfIncludeRetiredAndHiddenAreSetToTrue"/>
  <testcase time="0.064" classname="org.openmrs.api.ConceptServiceTest" name="getConceptsByAnswer_shouldFindAnswersForConcept"/>
  <testcase time="0.06" classname="org.openmrs.api.ConceptServiceTest" name="getActiveConceptMapTypes_shouldReturnAllTheConceptMapTypesExcludingHiddenOnes"/>
  <testcase time="0.121" classname="org.openmrs.api.ConceptServiceTest" name="getDrugsByMapping_shouldMatchOnTheCode"/>
  <testcase time="0.092" classname="org.openmrs.api.ConceptServiceTest" name="getConceptNameByUuid_shouldFindObjectGivenValidUuid"/>
  <testcase time="0.127" classname="org.openmrs.api.ConceptServiceTest" name="getConceptDatatypeByName_shouldReturnAnExactMatchOnName"/>
  <testcase time="0.063" classname="org.openmrs.api.ConceptServiceTest" name="getConceptSetByUuid_shouldFindObjectGivenValidUuid"/>
  <testcase time="0.196" classname="org.openmrs.api.ConceptServiceTest" name="saveConcept_shouldUpdateConceptIfConceptIsAttachedToAnObservationAndItIsANonDatatypeChange"/>
  <testcase time="0.067" classname="org.openmrs.api.ConceptServiceTest" name="getConceptMappingsToSource_shouldReturnAListOfConceptMapsFromTheGivenSource"/>
  <testcase time="0.124" classname="org.openmrs.api.ConceptServiceTest" name="getDrugByMapping_shouldFailIfMultipleDrugsAreFoundMatchingTheBestMapType"/>
  <testcase time="0.064" classname="org.openmrs.api.ConceptServiceTest" name="mapConceptProposalToConcept_shouldNotRequireMappedConceptOnRejectAction"/>
  <testcase time="0.063" classname="org.openmrs.api.ConceptServiceTest" name="shouldFetchNamesForConceptsThatWereFirstFetchedAsNumerics"/>
  <testcase time="0.095" classname="org.openmrs.api.ConceptServiceTest" name="getConceptReferenceTerms_shouldReturnAllTheConceptReferenceTermsIfIncludeRetiredIsSetToTrue"/>
  <testcase time="0.15" classname="org.openmrs.api.ConceptServiceTest" name="saveConcept_shouldReuseConceptNameTagsThatAlreadyExistInTheDatabase"/>
  <testcase time="0.072" classname="org.openmrs.api.ConceptServiceTest" name="getTrueConcept_shouldReturnProperTrueConcept"/>
  <testcase time="0.064" classname="org.openmrs.api.ConceptServiceTest" name="getFalseConcept_shouldReturnProperFalseConcept"/>
  <testcase time="0.138" classname="org.openmrs.api.ConceptServiceTest" name="getDrugByMapping_shouldReturnNullIfNoMatchFound"/>
  <testcase time="0.074" classname="org.openmrs.api.ConceptServiceTest" name="saveConcept_shouldNotAcceptALocaleThatIsNeitherAmongTheLocaleAllowedListNorADefaultLocale"/>
  <testcase time="0.064" classname="org.openmrs.api.ConceptServiceTest" name="getConceptsByMapping_shouldOnlyReturnNonRetiredConcepts"/>
  <testcase time="0.064" classname="org.openmrs.api.ConceptServiceTest" name="getReferenceTermMappingsTo_shouldReturnAllConceptReferenceTermMapsWhereTheSpecifiedTermIsTheTermB"/>
  <testcase time="0.151" classname="org.openmrs.api.ConceptServiceTest" name="getConcepts_shouldReturnConceptsWithSpecifiedClasses"/>
  <testcase time="0.102" classname="org.openmrs.api.ConceptServiceTest" name="getDrugs_shouldReturnUniqueDrugs"/>
  <testcase time="0.055" classname="org.openmrs.api.ConceptServiceTest" name="getConceptClassByUuid_shouldReturnNullIfNoObjectFoundWithGivenUuid"/>
</testsuite>