<?xml version="1.0" encoding="UTF-8" ?>
<testsuite failures="0" time="0.704" errors="0" skipped="0" tests="12" name="org.openmrs.module.webservices.rest.web.v1_0.controller.openmrs1_8.PatientIdentifierTypeController1_8Test">
  <properties>
[...]
</properties>
  <testcase time="0.065" classname="org.openmrs.module.webservices.rest.web.v1_0.controller.openmrs1_8.PatientIdentifierTypeController1_8Test" name="shouldListAllPatientIdentifierTypes"/>
  <testcase time="0.057" classname="org.openmrs.module.webservices.rest.web.v1_0.controller.openmrs1_8.PatientIdentifierTypeController1_8Test" name="shouldEditingAPatientIdentifierType"/>
  <testcase time="0.057" classname="org.openmrs.module.webservices.rest.web.v1_0.controller.openmrs1_8.PatientIdentifierTypeController1_8Test" name="shouldRetireAPatientIdentifierType"/>
  <testcase time="0.061" classname="org.openmrs.module.webservices.rest.web.v1_0.controller.openmrs1_8.PatientIdentifierTypeController1_8Test" name="shouldReturnTheAuditInfoForTheFullRepresentation"/>
  <testcase time="0.052" classname="org.openmrs.module.webservices.rest.web.v1_0.controller.openmrs1_8.PatientIdentifierTypeController1_8Test" name="shouldPurgeAPatientIdentifierType"/>
  <testcase time="0.052" classname="org.openmrs.module.webservices.rest.web.v1_0.controller.openmrs1_8.PatientIdentifierTypeController1_8Test" name="shouldGetAPatientIdentifierTypeByName"/>
  <testcase time="0.058" classname="org.openmrs.module.webservices.rest.web.v1_0.controller.openmrs1_8.PatientIdentifierTypeController1_8Test" name="shouldGetAPatientIdentifierTypeByUuid"/>
  <testcase time="0.063" classname="org.openmrs.module.webservices.rest.web.v1_0.controller.openmrs1_8.PatientIdentifierTypeController1_8Test" name="shouldCreateAPatientIdentifierType"/>
  <testcase time="0.07" classname="org.openmrs.module.webservices.rest.web.v1_0.controller.openmrs1_8.PatientIdentifierTypeController1_8Test" name="shouldGetAll"/>
  <testcase time="0.053" classname="org.openmrs.module.webservices.rest.web.v1_0.controller.openmrs1_8.PatientIdentifierTypeController1_8Test" name="shouldGetRefByUuid"/>
  <testcase time="0.053" classname="org.openmrs.module.webservices.rest.web.v1_0.controller.openmrs1_8.PatientIdentifierTypeController1_8Test" name="shouldGetDefaultByUuid"/>
  <testcase time="0.063" classname="org.openmrs.module.webservices.rest.web.v1_0.controller.openmrs1_8.PatientIdentifierTypeController1_8Test" name="shouldGetFullByUuid"/>
</testsuite>