<?xml version="1.0" encoding="UTF-8" ?>
<testsuite failures="0" time="5.305" errors="0" skipped="0" tests="40" name="org.openmrs.module.providermanagement.api.ProviderSuggestionServiceTest">
  <properties>
[...]
</properties>
  <testcase time="0" classname="org.openmrs.module.providermanagement.api.ProviderSuggestionServiceTest" name="getSupervisionSuggestionByProviderRoleAndSuggestionType_shouldGetAllSuggestionsForProviderRoleAndSuggestionType"/>
  <testcase time="0" classname="org.openmrs.module.providermanagement.api.ProviderSuggestionServiceTest" name="getProviderSuggestionForRelationshipType_shouldReturnNullOrEmptyListIfNoSuggestions"/>
  <testcase time="2.264" classname="org.openmrs.module.providermanagement.api.ProviderSuggestionServiceTest" name="suggestProvidersForPatient_shouldReturnAllProvidersForRelationshipTypeBasedOnRule"/>
  <testcase time="0.077" classname="org.openmrs.module.providermanagement.api.ProviderSuggestionServiceTest" name="getSupervisionSuggestionForProviderRole_shouldReturnNullOrEmptyListIfNoSuggestions"/>
  <testcase time="0.078" classname="org.openmrs.module.providermanagement.api.ProviderSuggestionServiceTest" name="getProviderSuggestionForRelationshipType_shouldReturnNullOrEmptyListIfInvalidRelationshipType"/>
  <testcase time="0.124" classname="org.openmrs.module.providermanagement.api.ProviderSuggestionServiceTest" name="suggestSupervisorsForProvider_shouldReturnAllProvidersBasedOnRulesExcludingInvalid"/>
  <testcase time="0.069" classname="org.openmrs.module.providermanagement.api.ProviderSuggestionServiceTest" name="getProviderSuggestionsForRelationshipType_shouldGetProviderSuggestionsForRelationshipType"/>
  <testcase time="0.074" classname="org.openmrs.module.providermanagement.api.ProviderSuggestionServiceTest" name="getProviderSuggestion_shouldGetProviderSuggestionById"/>
  <testcase time="0.069" classname="org.openmrs.module.providermanagement.api.ProviderSuggestionServiceTest" name="suggestProvidersForPatient_shouldFailIfRelationshipTypeNull"/>
  <testcase time="0.077" classname="org.openmrs.module.providermanagement.api.ProviderSuggestionServiceTest" name="suggestSupervisorsForProvider_shouldFailIfProviderNull"/>
  <testcase time="0.07" classname="org.openmrs.module.providermanagement.api.ProviderSuggestionServiceTest" name="getProviderSuggestionByUuid_shouldGetProviderSuggestionByUuid"/>
  <testcase time="0.074" classname="org.openmrs.module.providermanagement.api.ProviderSuggestionServiceTest" name="saveProviderSuggestion_shouldSaveProviderSuggestion"/>
  <testcase time="0.08" classname="org.openmrs.module.providermanagement.api.ProviderSuggestionServiceTest" name="suggestSupervisorsForProvider_shouldFailIfPersonIsNotProvider"/>
  <testcase time="0.082" classname="org.openmrs.module.providermanagement.api.ProviderSuggestionServiceTest" name="suggestProvidersForPatient_shouldFailIfPatientNull"/>
  <testcase time="0.075" classname="org.openmrs.module.providermanagement.api.ProviderSuggestionServiceTest" name="suggestSuperviseeForProvider_shouldFailIfProviderNull"/>
  <testcase time="0.075" classname="org.openmrs.module.providermanagement.api.ProviderSuggestionServiceTest" name="getAllProviderSuggestions_shouldGetAllProviderSuggestions"/>
  <testcase time="0.098" classname="org.openmrs.module.providermanagement.api.ProviderSuggestionServiceTest" name="suggestSupervisorsForProvider_shouldFailIfInvalidSuggestion"/>
  <testcase time="0.085" classname="org.openmrs.module.providermanagement.api.ProviderSuggestionServiceTest" name="retireProviderSuggestion_shouldRetireProviderSuggestion"/>
  <testcase time="0.068" classname="org.openmrs.module.providermanagement.api.ProviderSuggestionServiceTest" name="retireSupervisionSuggestion_shouldRetireSupervisionSuggestion"/>
  <testcase time="0.072" classname="org.openmrs.module.providermanagement.api.ProviderSuggestionServiceTest" name="suggestSuperviseesForProvider_shouldFailIfPersonIsNotProvider"/>
  <testcase time="0.07" classname="org.openmrs.module.providermanagement.api.ProviderSuggestionServiceTest" name="purgeProviderSuggestion_shouldPurgeProviderSuggestion"/>
  <testcase time="0.072" classname="org.openmrs.module.providermanagement.api.ProviderSuggestionServiceTest" name="unretireProviderSuggestion_shouldUnRetireProviderSuggestion"/>
  <testcase time="0.07" classname="org.openmrs.module.providermanagement.api.ProviderSuggestionServiceTest" name="saveSupervisionSuggestion_shouldSaveSupervisionSuggestion"/>
  <testcase time="0.078" classname="org.openmrs.module.providermanagement.api.ProviderSuggestionServiceTest" name="suggestProvidersForPatient_shouldFailIfInvalidSuggestion"/>
  <testcase time="0.07" classname="org.openmrs.module.providermanagement.api.ProviderSuggestionServiceTest" name="purgeSupervisionSuggestion_shouldPurgeSupervisionSuggestion"/>
  <testcase time="0.1" classname="org.openmrs.module.providermanagement.api.ProviderSuggestionServiceTest" name="suggestSuperviseesForProvider_shouldFailIfInvalidSuggestion"/>
  <testcase time="0.074" classname="org.openmrs.module.providermanagement.api.ProviderSuggestionServiceTest" name="getSupervisionSuggestion_shouldGetSupervisionSuggestionById"/>
  <testcase time="0.076" classname="org.openmrs.module.providermanagement.api.ProviderSuggestionServiceTest" name="saveSupervisionSuggestion_shouldFailIfNoTypeSpecified"/>
  <testcase time="0.067" classname="org.openmrs.module.providermanagement.api.ProviderSuggestionServiceTest" name="getSupervisionSuggestionByUuid_shouldGetSupervisionSuggestionByUuid"/>
  <testcase time="0.072" classname="org.openmrs.module.providermanagement.api.ProviderSuggestionServiceTest" name="suggestProvidersForPatient_shouldReturnNullfNoSuggestionSpecified"/>
  <testcase time="0.146" classname="org.openmrs.module.providermanagement.api.ProviderSuggestionServiceTest" name="suggestProvidersForPatient_shouldIgnoreProvidersAlreadyAssignedToPatient"/>
  <testcase time="0.076" classname="org.openmrs.module.providermanagement.api.ProviderSuggestionServiceTest" name="suggestProvidersForPatient_shouldFailIfRelationshipTypeInvalidNull"/>
  <testcase time="0.071" classname="org.openmrs.module.providermanagement.api.ProviderSuggestionServiceTest" name="getSupervisionSuggestionByProviderRole_shouldGetAllSuggestionsForProviderRole"/>
  <testcase time="0.068" classname="org.openmrs.module.providermanagement.api.ProviderSuggestionServiceTest" name="getAllSupervisionSuggestions_shouldGetAllSupervisionSuggestions"/>
  <testcase time="0.073" classname="org.openmrs.module.providermanagement.api.ProviderSuggestionServiceTest" name="unretireSupervisionSuggestion_shouldUnretireSupervisionSuggestion"/>
  <testcase time="0.07" classname="org.openmrs.module.providermanagement.api.ProviderSuggestionServiceTest" name="suggestSupervisorsForProvider_shouldReturnNullIfNoRulesSpecified"/>
  <testcase time="0.125" classname="org.openmrs.module.providermanagement.api.ProviderSuggestionServiceTest" name="suggestSupervisorsForProvider_shouldIgnoreProvidersAlreadyAssignedToSupervise"/>
  <testcase time="0.073" classname="org.openmrs.module.providermanagement.api.ProviderSuggestionServiceTest" name="suggestSuperviseesForProvider_shouldReturnNullIfNoRulesSpecified"/>
  <testcase time="0.122" classname="org.openmrs.module.providermanagement.api.ProviderSuggestionServiceTest" name="suggestSuperviseesForProvider_shouldReturnAllProvidersBasedOnRules"/>
  <testcase time="0.121" classname="org.openmrs.module.providermanagement.api.ProviderSuggestionServiceTest" name="suggestSuperviseeForProvider_shouldIgnoreProvidersAlreadyAssignedToSupervise"/>
</testsuite>