<?xml version="1.0" encoding="UTF-8" ?>
<testsuite failures="0" time="11.981" errors="0" skipped="0" tests="3" name="org.openmrs.web.controller.encounter.LocationFormControllerTest">
  <properties>
[...]
</properties>
  <testcase time="11.515" classname="org.openmrs.web.controller.encounter.LocationFormControllerTest" name="formBackingObject_shouldReturnValidLocationGivenValidLocationId"/>
  <testcase time="0.034" classname="org.openmrs.web.controller.encounter.LocationFormControllerTest" name="onSubmit_shouldNotRetireLocationIfReasonIsEmpty"/>
  <testcase time="0.072" classname="org.openmrs.web.controller.encounter.LocationFormControllerTest" name="onSubmit_shouldRetireLocation"/>
</testsuite>